/usr/local/lib/python2.7/dist-packages/sklearn/linear_model/coordinate_descent.py:466: ConvergenceWarning: Objective did not converge. You might want to increase the number of iterations
  ConvergenceWarning)
/usr/lib/pymodules/python2.7/matplotlib/backend_bases.py:2407: MatplotlibDeprecationWarning: Using default event loop until function specific to this GUI is implemented
  warnings.warn(str, mplDeprecation)
data_test_valid shape: (48954, 228501)
data_train shape: (195814, 228501)
data_valid shape: (24477, 228501)
data_test shape: (24477, 228501)
fitting model
alpha:  5e-07
it:  average error:  8252.73235898  alpha:  5e-07  non zero:  214942
it:  average error:  7719.11140833  alpha:  5e-07  non zero:  215897
it:  average error:  7599.48336423  alpha:  5e-07  non zero:  215434
it:  average error:  7569.70606066  alpha:  5e-07  non zero:  214182
it:  average error:  7568.38378566  alpha:  5e-07  non zero:  212649
it:  average error:  7579.96773415  alpha:  5e-07  non zero:  210588
it:  average error:  7595.6948089  alpha:  5e-07  non zero:  208698
it:  average error:  7614.61430915  alpha:  5e-07  non zero:  206902
it:  average error:  7632.03586792  alpha:  5e-07  non zero:  205035
it:  average error:  7645.78448789  alpha:  5e-07  non zero:  203321
it:  average error:  7658.15563565  alpha:  5e-07  non zero:  201466
it:  average error:  7668.70556644  alpha:  5e-07  non zero:  199650
it:  average error:  7678.62793027  alpha:  5e-07  non zero:  198036
it:  average error:  7685.6600808  alpha:  5e-07  non zero:  196296
it:  average error:  7691.68474599  alpha:  5e-07  non zero:  194936
