/usr/local/lib/python2.7/dist-packages/sklearn/linear_model/coordinate_descent.py:466: ConvergenceWarning: Objective did not converge. You might want to increase the number of iterations
  ConvergenceWarning)
/usr/lib/pymodules/python2.7/matplotlib/backend_bases.py:2407: MatplotlibDeprecationWarning: Using default event loop until function specific to this GUI is implemented
  warnings.warn(str, mplDeprecation)
data_test_valid shape: (48954, 228501)
data_train shape: (195814, 228501)
data_valid shape: (24477, 228501)
data_test shape: (24477, 228501)
fitting model
alpha:  1.5e-05
it:  average error:  7649.15501727  alpha:  1.5e-05  non zero:  54456
it:  average error:  6827.57751739  alpha:  1.5e-05  non zero:  44748
it:  average error:  6523.40961288  alpha:  1.5e-05  non zero:  39976
it:  average error:  6376.48750951  alpha:  1.5e-05  non zero:  37250
it:  average error:  6289.72049444  alpha:  1.5e-05  non zero:  35737
it:  average error:  6236.56004093  alpha:  1.5e-05  non zero:  34720
it:  average error:  6203.18238766  alpha:  1.5e-05  non zero:  33877
it:  average error:  6181.59266495  alpha:  1.5e-05  non zero:  33304
it:  average error:  6166.58270685  alpha:  1.5e-05  non zero:  32858
it:  average error:  6155.85691911  alpha:  1.5e-05  non zero:  32434
it:  average error:  6146.20793027  alpha:  1.5e-05  non zero:  32118
it:  average error:  6137.80676196  alpha:  1.5e-05  non zero:  31826
it:  average error:  6132.10331935  alpha:  1.5e-05  non zero:  31593
it:  average error:  6128.63953259  alpha:  1.5e-05  non zero:  31459
it:  average error:  6126.03996224  alpha:  1.5e-05  non zero:  31258
it:  average error:  6123.46641324  alpha:  1.5e-05  non zero:  31124
it:  average error:  6121.18409389  alpha:  1.5e-05  non zero:  31006
it:  average error:  6119.64583225  alpha:  1.5e-05  non zero:  30918
it:  average error:  6117.94413759  alpha:  1.5e-05  non zero:  30853
it:  average error:  6116.23449743  alpha:  1.5e-05  non zero:  30774
it:  average error:  6114.02600012  alpha:  1.5e-05  non zero:  30663
it:  average error:  6111.65199424  alpha:  1.5e-05  non zero:  30578
it:  average error:  6108.97432825  alpha:  1.5e-05  non zero:  30515
it:  average error:  6106.47905322  alpha:  1.5e-05  non zero:  30459
it:  average error:  6104.41443848  alpha:  1.5e-05  non zero:  30420
it:  average error:  6102.24643948  alpha:  1.5e-05  non zero:  30342
it:  average error:  6100.39804179  alpha:  1.5e-05  non zero:  30298
